app/build/intermediates/manifest_merge_blame_file/debug/manifest-merger-blame-debug-report.txt
1<?xml version="1.0" encoding="utf-8"?>
2<manifest xmlns:android="http://schemas.android.com/apk/res/android"
3    package="com.wdretzer.nasaprojetointegrador"
4    android:versionCode="1"
5    android:versionName="1.0" >
6
7    <uses-sdk
8        android:minSdkVersion="21"
8-->src\main\AndroidManifest.xml
9        android:targetSdkVersion="32" />
9-->src\main\AndroidManifest.xml
10
11    <queries>
11-->src\main\AndroidManifest.xml:5:5-8:15
12        <provider android:authorities="com.facebook.katana.provider.PlatformProvider" />
12-->src\main\AndroidManifest.xml:6:9-89
12-->src\main\AndroidManifest.xml:6:19-86
13        <provider android:authorities="com.facebook.orca.provider.PlatformProvider" />
13-->src\main\AndroidManifest.xml:6:9-89
13-->src\main\AndroidManifest.xml:6:19-86
14    </queries>
15
16    <uses-permission android:name="android.permission.ACCESS_NETWORK_STATE" />
16-->src\main\AndroidManifest.xml:10:5-79
16-->src\main\AndroidManifest.xml:10:22-76
17    <uses-permission android:name="android.permission.INTERNET" />
17-->src\main\AndroidManifest.xml:11:5-67
17-->src\main\AndroidManifest.xml:11:22-64
18    <uses-permission android:name="android.permission.WAKE_LOCK" />
18-->[com.google.android.gms:play-services-measurement-api:20.1.2] AndroidManifest.xml:24:5-68
18-->[com.google.android.gms:play-services-measurement-api:20.1.2] AndroidManifest.xml:24:22-65
19    <uses-permission android:name="com.google.android.gms.permission.AD_ID" />
19-->[com.google.android.gms:play-services-measurement-api:20.1.2] AndroidManifest.xml:25:5-79
19-->[com.google.android.gms:play-services-measurement-api:20.1.2] AndroidManifest.xml:25:22-76
20    <uses-permission android:name="com.google.android.finsky.permission.BIND_GET_INSTALL_REFERRER_SERVICE" />
20-->[com.google.android.gms:play-services-measurement:20.1.2] AndroidManifest.xml:26:5-110
20-->[com.google.android.gms:play-services-measurement:20.1.2] AndroidManifest.xml:26:22-107
21
22    <application
22-->src\main\AndroidManifest.xml:13:5-102:19
23        android:name="com.wdretzer.nasaprojetointegrador.util.AppUtil"
23-->src\main\AndroidManifest.xml:14:9-37
24        android:allowBackup="true"
24-->src\main\AndroidManifest.xml:15:9-35
25        android:appComponentFactory="androidx.core.app.CoreComponentFactory"
25-->[androidx.core:core:1.7.0] AndroidManifest.xml:24:18-86
26        android:debuggable="true"
27        android:icon="@mipmap/ic_launcher"
27-->src\main\AndroidManifest.xml:16:9-43
28        android:label="@string/app_name"
28-->src\main\AndroidManifest.xml:17:9-41
29        android:roundIcon="@mipmap/ic_launcher_round"
29-->src\main\AndroidManifest.xml:18:9-54
30        android:supportsRtl="true"
30-->src\main\AndroidManifest.xml:19:9-35
31        android:testOnly="true"
32        android:theme="@style/Theme.NasaProjetoIntegrador" >
32-->src\main\AndroidManifest.xml:20:9-59
33        <activity
33-->src\main\AndroidManifest.xml:21:9-23:39
34            android:name="com.wdretzer.nasaprojetointegrador.perfil.PerfilCompleto"
34-->src\main\AndroidManifest.xml:22:13-50
35            android:exported="true" />
35-->src\main\AndroidManifest.xml:23:13-36
36
37        <provider
38            android:name="androidx.core.content.FileProvider"
38-->src\main\AndroidManifest.xml:26:13-62
39            android:authorities="com.wdretzer.nasaprojetointegrador.provider"
39-->src\main\AndroidManifest.xml:27:13-60
40            android:exported="false"
40-->src\main\AndroidManifest.xml:28:13-37
41            android:grantUriPermissions="true" >
41-->src\main\AndroidManifest.xml:29:13-47
42            <meta-data
42-->src\main\AndroidManifest.xml:30:13-32:58
43                android:name="android.support.FILE_PROVIDER_PATHS"
43-->src\main\AndroidManifest.xml:31:17-67
44                android:resource="@xml/provider_paths" />
44-->src\main\AndroidManifest.xml:32:17-55
45        </provider>
46
47        <meta-data
47-->src\main\AndroidManifest.xml:35:9-37:55
48            android:name="com.facebook.sdk.ApplicationId"
48-->src\main\AndroidManifest.xml:36:13-58
49            android:value="@string/facebook_app_id" />
49-->src\main\AndroidManifest.xml:37:13-52
50        <meta-data
50-->src\main\AndroidManifest.xml:38:9-40:61
51            android:name="com.facebook.sdk.ClientToken"
51-->src\main\AndroidManifest.xml:39:13-56
52            android:value="@string/facebook_client_token" />
52-->src\main\AndroidManifest.xml:40:13-58
53
54        <activity
54-->src\main\AndroidManifest.xml:42:9-44:99
55            android:name="com.facebook.FacebookActivity"
55-->src\main\AndroidManifest.xml:43:13-57
56            android:configChanges="keyboard|keyboardHidden|screenLayout|screenSize|orientation"
56-->src\main\AndroidManifest.xml:44:13-96
57            android:theme="@style/com_facebook_activity_theme" />
57-->[com.facebook.android:facebook-common:12.0.0] AndroidManifest.xml:33:13-63
58        <activity
58-->src\main\AndroidManifest.xml:45:9-47:39
59            android:name="com.wdretzer.nasaprojetointegrador.favoritos.ImagemFavoritosActivity"
59-->src\main\AndroidManifest.xml:46:13-62
60            android:exported="true" />
60-->src\main\AndroidManifest.xml:47:13-36
61        <activity
61-->src\main\AndroidManifest.xml:48:9-50:39
62            android:name="com.wdretzer.nasaprojetointegrador.imagensnasa.ImagensFavoritas"
62-->src\main\AndroidManifest.xml:49:13-57
63            android:exported="true" />
63-->src\main\AndroidManifest.xml:50:13-36
64        <activity
64-->src\main\AndroidManifest.xml:51:9-54:55
65            android:name="com.wdretzer.nasaprojetointegrador.perfil.Perfil"
65-->src\main\AndroidManifest.xml:52:13-42
66            android:exported="true"
66-->src\main\AndroidManifest.xml:53:13-36
67            android:windowSoftInputMode="adjustPan" />
67-->src\main\AndroidManifest.xml:54:13-52
68        <activity
68-->src\main\AndroidManifest.xml:55:9-57:39
69            android:name="com.wdretzer.nasaprojetointegrador.detalheplaneta.DetalhePlaneta"
69-->src\main\AndroidManifest.xml:56:13-58
70            android:exported="true" />
70-->src\main\AndroidManifest.xml:57:13-36
71        <activity
71-->src\main\AndroidManifest.xml:58:9-60:39
72            android:name="com.wdretzer.nasaprojetointegrador.pesquisaimg.PesquisaImagens"
72-->src\main\AndroidManifest.xml:59:13-56
73            android:exported="true" />
73-->src\main\AndroidManifest.xml:60:13-36
74        <activity
74-->src\main\AndroidManifest.xml:61:9-63:39
75            android:name="com.wdretzer.nasaprojetointegrador.menuprinipal.InicioGuia"
75-->src\main\AndroidManifest.xml:62:13-52
76            android:exported="true" />
76-->src\main\AndroidManifest.xml:63:13-36
77        <activity
77-->src\main\AndroidManifest.xml:64:9-66:39
78            android:name="com.wdretzer.nasaprojetointegrador.imagensnasa.DetalheImagem"
78-->src\main\AndroidManifest.xml:65:13-54
79            android:exported="true" />
79-->src\main\AndroidManifest.xml:66:13-36
80        <activity
80-->src\main\AndroidManifest.xml:67:9-69:39
81            android:name="com.wdretzer.nasaprojetointegrador.cadastro.CadastroUsuarioFacebook"
81-->src\main\AndroidManifest.xml:68:13-61
82            android:exported="true" />
82-->src\main\AndroidManifest.xml:69:13-36
83        <activity
83-->src\main\AndroidManifest.xml:70:9-72:39
84            android:name="com.wdretzer.nasaprojetointegrador.cadastro.CadastroUsuarioGoogle"
84-->src\main\AndroidManifest.xml:71:13-59
85            android:exported="true" />
85-->src\main\AndroidManifest.xml:72:13-36
86        <activity
86-->src\main\AndroidManifest.xml:73:9-75:39
87            android:name="com.wdretzer.nasaprojetointegrador.cadastro.CadastroUsuario"
87-->src\main\AndroidManifest.xml:74:13-53
88            android:exported="true" />
88-->src\main\AndroidManifest.xml:75:13-36
89        <activity
89-->src\main\AndroidManifest.xml:76:9-79:55
90            android:name="com.wdretzer.nasaprojetointegrador.imagensnasa.ImgensNasa"
90-->src\main\AndroidManifest.xml:77:13-51
91            android:exported="true"
91-->src\main\AndroidManifest.xml:78:13-36
92            android:windowSoftInputMode="adjustPan" />
92-->src\main\AndroidManifest.xml:79:13-52
93        <activity
93-->src\main\AndroidManifest.xml:80:9-83:81
94            android:name="com.wdretzer.nasaprojetointegrador.homeplanetas.HomePlanetas"
94-->src\main\AndroidManifest.xml:81:13-54
95            android:exported="true"
95-->src\main\AndroidManifest.xml:82:13-36
96            android:windowSoftInputMode="stateVisible|adjustResize|adjustPan" />
96-->src\main\AndroidManifest.xml:83:13-78
97        <activity
97-->src\main\AndroidManifest.xml:84:9-86:39
98            android:name="com.wdretzer.nasaprojetointegrador.login.Login"
98-->src\main\AndroidManifest.xml:85:13-40
99            android:exported="true" />
99-->src\main\AndroidManifest.xml:86:13-36
100        <activity
100-->src\main\AndroidManifest.xml:87:9-89:39
101            android:name="com.wdretzer.nasaprojetointegrador.splashscreen.SplashActivity"
101-->src\main\AndroidManifest.xml:88:13-56
102            android:exported="true" />
102-->src\main\AndroidManifest.xml:89:13-36
103        <activity
103-->src\main\AndroidManifest.xml:90:9-98:20
104            android:name="com.wdretzer.nasaprojetointegrador.startscreen.StartActivity"
104-->src\main\AndroidManifest.xml:91:13-54
105            android:exported="true" >
105-->src\main\AndroidManifest.xml:92:13-36
106            <intent-filter>
106-->src\main\AndroidManifest.xml:93:13-97:29
107                <action android:name="android.intent.action.MAIN" />
107-->src\main\AndroidManifest.xml:94:17-69
107-->src\main\AndroidManifest.xml:94:25-66
108
109                <category android:name="android.intent.category.LAUNCHER" />
109-->src\main\AndroidManifest.xml:96:17-77
109-->src\main\AndroidManifest.xml:96:27-74
110            </intent-filter>
111        </activity>
112        <activity
112-->src\main\AndroidManifest.xml:99:9-101:40
113            android:name="com.wdretzer.nasaprojetointegrador.MainActivity"
113-->src\main\AndroidManifest.xml:100:13-41
114            android:exported="false" />
114-->src\main\AndroidManifest.xml:101:13-37
115
116        <service
116-->[com.google.firebase:firebase-analytics-ktx:20.1.2] AndroidManifest.xml:8:9-14:19
117            android:name="com.google.firebase.components.ComponentDiscoveryService"
117-->[com.google.firebase:firebase-analytics-ktx:20.1.2] AndroidManifest.xml:9:13-84
118            android:directBootAware="true"
118-->[com.google.firebase:firebase-common:20.1.0] AndroidManifest.xml:35:13-43
119            android:exported="false" >
119-->[com.google.firebase:firebase-analytics-ktx:20.1.2] AndroidManifest.xml:10:13-37
120            <meta-data
120-->[com.google.firebase:firebase-analytics-ktx:20.1.2] AndroidManifest.xml:11:13-13:85
121                android:name="com.google.firebase.components:com.google.firebase.analytics.ktx.FirebaseAnalyticsKtxRegistrar"
121-->[com.google.firebase:firebase-analytics-ktx:20.1.2] AndroidManifest.xml:12:17-126
122                android:value="com.google.firebase.components.ComponentRegistrar" />
122-->[com.google.firebase:firebase-analytics-ktx:20.1.2] AndroidManifest.xml:13:17-82
123            <meta-data
123-->[com.google.firebase:firebase-auth-ktx:21.0.3] AndroidManifest.xml:11:13-13:85
124                android:name="com.google.firebase.components:com.google.firebase.auth.ktx.FirebaseAuthKtxRegistrar"
124-->[com.google.firebase:firebase-auth-ktx:21.0.3] AndroidManifest.xml:12:17-116
125                android:value="com.google.firebase.components.ComponentRegistrar" />
125-->[com.google.firebase:firebase-auth-ktx:21.0.3] AndroidManifest.xml:13:17-82
126            <meta-data
126-->[com.google.firebase:firebase-auth:21.0.3] AndroidManifest.xml:67:13-69:85
127                android:name="com.google.firebase.components:com.google.firebase.auth.FirebaseAuthRegistrar"
127-->[com.google.firebase:firebase-auth:21.0.3] AndroidManifest.xml:68:17-109
128                android:value="com.google.firebase.components.ComponentRegistrar" />
128-->[com.google.firebase:firebase-auth:21.0.3] AndroidManifest.xml:69:17-82
129            <meta-data
129-->[com.google.firebase:firebase-common-ktx:20.1.0] AndroidManifest.xml:15:13-17:85
130                android:name="com.google.firebase.components:com.google.firebase.ktx.FirebaseCommonKtxRegistrar"
130-->[com.google.firebase:firebase-common-ktx:20.1.0] AndroidManifest.xml:16:17-113
131                android:value="com.google.firebase.components.ComponentRegistrar" />
131-->[com.google.firebase:firebase-common-ktx:20.1.0] AndroidManifest.xml:17:17-82
132            <meta-data
132-->[com.google.android.gms:play-services-measurement-api:20.1.2] AndroidManifest.xml:31:13-33:85
133                android:name="com.google.firebase.components:com.google.firebase.analytics.connector.internal.AnalyticsConnectorRegistrar"
133-->[com.google.android.gms:play-services-measurement-api:20.1.2] AndroidManifest.xml:32:17-139
134                android:value="com.google.firebase.components.ComponentRegistrar" />
134-->[com.google.android.gms:play-services-measurement-api:20.1.2] AndroidManifest.xml:33:17-82
135            <meta-data
135-->[com.google.firebase:firebase-installations:17.0.1] AndroidManifest.xml:18:13-20:85
136                android:name="com.google.firebase.components:com.google.firebase.installations.FirebaseInstallationsRegistrar"
136-->[com.google.firebase:firebase-installations:17.0.1] AndroidManifest.xml:19:17-127
137                android:value="com.google.firebase.components.ComponentRegistrar" />
137-->[com.google.firebase:firebase-installations:17.0.1] AndroidManifest.xml:20:17-82
138        </service>
139
140        <activity
140-->[com.google.android.gms:play-services-auth:20.1.0] AndroidManifest.xml:23:9-27:75
141            android:name="com.google.android.gms.auth.api.signin.internal.SignInHubActivity"
141-->[com.google.android.gms:play-services-auth:20.1.0] AndroidManifest.xml:24:13-93
142            android:excludeFromRecents="true"
142-->[com.google.android.gms:play-services-auth:20.1.0] AndroidManifest.xml:25:13-46
143            android:exported="false"
143-->[com.google.android.gms:play-services-auth:20.1.0] AndroidManifest.xml:26:13-37
144            android:theme="@android:style/Theme.Translucent.NoTitleBar" />
144-->[com.google.android.gms:play-services-auth:20.1.0] AndroidManifest.xml:27:13-72
145        <!--
146            Service handling Google Sign-In user revocation. For apps that do not integrate with
147            Google Sign-In, this service will never be started.
148        -->
149        <service
149-->[com.google.android.gms:play-services-auth:20.1.0] AndroidManifest.xml:33:9-37:51
150            android:name="com.google.android.gms.auth.api.signin.RevocationBoundService"
150-->[com.google.android.gms:play-services-auth:20.1.0] AndroidManifest.xml:34:13-89
151            android:exported="true"
151-->[com.google.android.gms:play-services-auth:20.1.0] AndroidManifest.xml:35:13-36
152            android:permission="com.google.android.gms.auth.api.signin.permission.REVOCATION_NOTIFICATION"
152-->[com.google.android.gms:play-services-auth:20.1.0] AndroidManifest.xml:36:13-107
153            android:visibleToInstantApps="true" />
153-->[com.google.android.gms:play-services-auth:20.1.0] AndroidManifest.xml:37:13-48
154        <service
154-->[androidx.room:room-runtime:2.4.2] AndroidManifest.xml:25:9-28:40
155            android:name="androidx.room.MultiInstanceInvalidationService"
155-->[androidx.room:room-runtime:2.4.2] AndroidManifest.xml:26:13-74
156            android:directBootAware="true"
156-->[androidx.room:room-runtime:2.4.2] AndroidManifest.xml:27:13-43
157            android:exported="false" />
157-->[androidx.room:room-runtime:2.4.2] AndroidManifest.xml:28:13-37
158        <service
158-->[com.google.mlkit:translate:17.0.0] AndroidManifest.xml:11:9-17:19
159            android:name="com.google.mlkit.common.internal.MlKitComponentDiscoveryService"
159-->[com.google.mlkit:translate:17.0.0] AndroidManifest.xml:12:13-91
160            android:directBootAware="true"
160-->[com.google.mlkit:common:18.0.0] AndroidManifest.xml:17:13-43
161            android:exported="false" >
161-->[com.google.mlkit:translate:17.0.0] AndroidManifest.xml:13:13-37
162            <meta-data
162-->[com.google.mlkit:translate:17.0.0] AndroidManifest.xml:14:13-16:85
163                android:name="com.google.firebase.components:com.google.mlkit.nl.translate.NaturalLanguageTranslateRegistrar"
163-->[com.google.mlkit:translate:17.0.0] AndroidManifest.xml:15:17-126
164                android:value="com.google.firebase.components.ComponentRegistrar" />
164-->[com.google.mlkit:translate:17.0.0] AndroidManifest.xml:16:17-82
165            <meta-data
165-->[com.google.mlkit:common:18.0.0] AndroidManifest.xml:20:13-22:85
166                android:name="com.google.firebase.components:com.google.mlkit.common.internal.CommonComponentRegistrar"
166-->[com.google.mlkit:common:18.0.0] AndroidManifest.xml:21:17-120
167                android:value="com.google.firebase.components.ComponentRegistrar" />
167-->[com.google.mlkit:common:18.0.0] AndroidManifest.xml:22:17-82
168        </service>
169
170        <activity android:name="com.facebook.CustomTabMainActivity" />
170-->[com.facebook.android:facebook-common:12.0.0] AndroidManifest.xml:34:9-71
170-->[com.facebook.android:facebook-common:12.0.0] AndroidManifest.xml:34:19-68
171        <activity
171-->[com.facebook.android:facebook-common:12.0.0] AndroidManifest.xml:35:9-49:20
172            android:name="com.facebook.CustomTabActivity"
172-->[com.facebook.android:facebook-common:12.0.0] AndroidManifest.xml:36:13-58
173            android:exported="true" >
173-->[com.facebook.android:facebook-common:12.0.0] AndroidManifest.xml:37:13-36
174            <intent-filter>
174-->[com.facebook.android:facebook-common:12.0.0] AndroidManifest.xml:39:13-48:29
175                <action android:name="android.intent.action.VIEW" />
175-->[com.facebook.android:facebook-common:12.0.0] AndroidManifest.xml:40:17-69
175-->[com.facebook.android:facebook-common:12.0.0] AndroidManifest.xml:40:25-66
176
177                <category android:name="android.intent.category.DEFAULT" />
177-->[com.facebook.android:facebook-common:12.0.0] AndroidManifest.xml:42:17-76
177-->[com.facebook.android:facebook-common:12.0.0] AndroidManifest.xml:42:27-73
178                <category android:name="android.intent.category.BROWSABLE" />
178-->[com.facebook.android:facebook-common:12.0.0] AndroidManifest.xml:43:17-78
178-->[com.facebook.android:facebook-common:12.0.0] AndroidManifest.xml:43:27-75
179
180                <data
180-->[com.facebook.android:facebook-common:12.0.0] AndroidManifest.xml:45:17-47:50
181                    android:host="cct.com.wdretzer.nasaprojetointegrador"
181-->[com.facebook.android:facebook-common:12.0.0] AndroidManifest.xml:46:21-56
182                    android:scheme="fbconnect" />
182-->[com.facebook.android:facebook-common:12.0.0] AndroidManifest.xml:47:21-47
183            </intent-filter>
184        </activity>
185        <!--
186         The initialization ContentProvider will call FacebookSdk.sdkInitialize automatically
187         with the application context. This config is merged in with the host app's manifest,
188         but there can only be one provider with the same authority activated at any given
189         point; so if the end user has two or more different apps that use Facebook SDK, only the
190         first one will be able to use the provider. To work around this problem, we use the
191         following placeholder in the authority to identify each host application as if it was
192         a completely different provider.
193        -->
194        <provider
194-->[com.facebook.android:facebook-core:12.0.0] AndroidManifest.xml:39:9-42:40
195            android:name="com.facebook.internal.FacebookInitProvider"
195-->[com.facebook.android:facebook-core:12.0.0] AndroidManifest.xml:40:13-70
196            android:authorities="com.wdretzer.nasaprojetointegrador.FacebookInitProvider"
196-->[com.facebook.android:facebook-core:12.0.0] AndroidManifest.xml:41:13-72
197            android:exported="false" />
197-->[com.facebook.android:facebook-core:12.0.0] AndroidManifest.xml:42:13-37
198
199        <receiver
199-->[com.facebook.android:facebook-core:12.0.0] AndroidManifest.xml:44:9-50:20
200            android:name="com.facebook.CurrentAccessTokenExpirationBroadcastReceiver"
200-->[com.facebook.android:facebook-core:12.0.0] AndroidManifest.xml:45:13-86
201            android:exported="false" >
201-->[com.facebook.android:facebook-core:12.0.0] AndroidManifest.xml:46:13-37
202            <intent-filter>
202-->[com.facebook.android:facebook-core:12.0.0] AndroidManifest.xml:47:13-49:29
203                <action android:name="com.facebook.sdk.ACTION_CURRENT_ACCESS_TOKEN_CHANGED" />
203-->[com.facebook.android:facebook-core:12.0.0] AndroidManifest.xml:48:17-95
203-->[com.facebook.android:facebook-core:12.0.0] AndroidManifest.xml:48:25-92
204            </intent-filter>
205        </receiver>
206
207        <provider
207-->[com.google.mlkit:common:18.0.0] AndroidManifest.xml:9:9-13:38
208            android:name="com.google.mlkit.common.internal.MlKitInitProvider"
208-->[com.google.mlkit:common:18.0.0] AndroidManifest.xml:10:13-78
209            android:authorities="com.wdretzer.nasaprojetointegrador.mlkitinitprovider"
209-->[com.google.mlkit:common:18.0.0] AndroidManifest.xml:11:13-69
210            android:exported="false"
210-->[com.google.mlkit:common:18.0.0] AndroidManifest.xml:12:13-37
211            android:initOrder="99" />
211-->[com.google.mlkit:common:18.0.0] AndroidManifest.xml:13:13-35
212
213        <service
213-->[com.google.android.datatransport:transport-backend-cct:2.3.3] AndroidManifest.xml:29:9-35:19
214            android:name="com.google.android.datatransport.runtime.backends.TransportBackendDiscovery"
214-->[com.google.android.datatransport:transport-backend-cct:2.3.3] AndroidManifest.xml:30:13-103
215            android:exported="false" >
215-->[com.google.android.datatransport:transport-backend-cct:2.3.3] AndroidManifest.xml:31:13-37
216            <meta-data
216-->[com.google.android.datatransport:transport-backend-cct:2.3.3] AndroidManifest.xml:32:13-34:39
217                android:name="backend:com.google.android.datatransport.cct.CctBackendFactory"
217-->[com.google.android.datatransport:transport-backend-cct:2.3.3] AndroidManifest.xml:33:17-94
218                android:value="cct" />
218-->[com.google.android.datatransport:transport-backend-cct:2.3.3] AndroidManifest.xml:34:17-36
219        </service>
220
221        <activity
221-->[com.google.firebase:firebase-auth:21.0.3] AndroidManifest.xml:27:9-44:20
222            android:name="com.google.firebase.auth.internal.GenericIdpActivity"
222-->[com.google.firebase:firebase-auth:21.0.3] AndroidManifest.xml:28:13-80
223            android:excludeFromRecents="true"
223-->[com.google.firebase:firebase-auth:21.0.3] AndroidManifest.xml:29:13-46
224            android:exported="true"
224-->[com.google.firebase:firebase-auth:21.0.3] AndroidManifest.xml:30:13-36
225            android:launchMode="singleTask"
225-->[com.google.firebase:firebase-auth:21.0.3] AndroidManifest.xml:31:13-44
226            android:theme="@android:style/Theme.Translucent.NoTitleBar" >
226-->[com.google.firebase:firebase-auth:21.0.3] AndroidManifest.xml:32:13-72
227            <intent-filter>
227-->[com.google.firebase:firebase-auth:21.0.3] AndroidManifest.xml:33:13-43:29
228                <action android:name="android.intent.action.VIEW" />
228-->[com.facebook.android:facebook-common:12.0.0] AndroidManifest.xml:40:17-69
228-->[com.facebook.android:facebook-common:12.0.0] AndroidManifest.xml:40:25-66
229
230                <category android:name="android.intent.category.DEFAULT" />
230-->[com.facebook.android:facebook-common:12.0.0] AndroidManifest.xml:42:17-76
230-->[com.facebook.android:facebook-common:12.0.0] AndroidManifest.xml:42:27-73
231                <category android:name="android.intent.category.BROWSABLE" />
231-->[com.facebook.android:facebook-common:12.0.0] AndroidManifest.xml:43:17-78
231-->[com.facebook.android:facebook-common:12.0.0] AndroidManifest.xml:43:27-75
232
233                <data
233-->[com.facebook.android:facebook-common:12.0.0] AndroidManifest.xml:45:17-47:50
234                    android:host="firebase.auth"
234-->[com.facebook.android:facebook-common:12.0.0] AndroidManifest.xml:46:21-56
235                    android:path="/"
236                    android:scheme="genericidp" />
236-->[com.facebook.android:facebook-common:12.0.0] AndroidManifest.xml:47:21-47
237            </intent-filter>
238        </activity>
239        <activity
239-->[com.google.firebase:firebase-auth:21.0.3] AndroidManifest.xml:45:9-62:20
240            android:name="com.google.firebase.auth.internal.RecaptchaActivity"
240-->[com.google.firebase:firebase-auth:21.0.3] AndroidManifest.xml:46:13-79
241            android:excludeFromRecents="true"
241-->[com.google.firebase:firebase-auth:21.0.3] AndroidManifest.xml:47:13-46
242            android:exported="true"
242-->[com.google.firebase:firebase-auth:21.0.3] AndroidManifest.xml:48:13-36
243            android:launchMode="singleTask"
243-->[com.google.firebase:firebase-auth:21.0.3] AndroidManifest.xml:49:13-44
244            android:theme="@android:style/Theme.Translucent.NoTitleBar" >
244-->[com.google.firebase:firebase-auth:21.0.3] AndroidManifest.xml:50:13-72
245            <intent-filter>
245-->[com.google.firebase:firebase-auth:21.0.3] AndroidManifest.xml:51:13-61:29
246                <action android:name="android.intent.action.VIEW" />
246-->[com.facebook.android:facebook-common:12.0.0] AndroidManifest.xml:40:17-69
246-->[com.facebook.android:facebook-common:12.0.0] AndroidManifest.xml:40:25-66
247
248                <category android:name="android.intent.category.DEFAULT" />
248-->[com.facebook.android:facebook-common:12.0.0] AndroidManifest.xml:42:17-76
248-->[com.facebook.android:facebook-common:12.0.0] AndroidManifest.xml:42:27-73
249                <category android:name="android.intent.category.BROWSABLE" />
249-->[com.facebook.android:facebook-common:12.0.0] AndroidManifest.xml:43:17-78
249-->[com.facebook.android:facebook-common:12.0.0] AndroidManifest.xml:43:27-75
250
251                <data
251-->[com.facebook.android:facebook-common:12.0.0] AndroidManifest.xml:45:17-47:50
252                    android:host="firebase.auth"
252-->[com.facebook.android:facebook-common:12.0.0] AndroidManifest.xml:46:21-56
253                    android:path="/"
254                    android:scheme="recaptcha" />
254-->[com.facebook.android:facebook-common:12.0.0] AndroidManifest.xml:47:21-47
255            </intent-filter>
256        </activity>
257
258        <provider
258-->[com.google.firebase:firebase-common:20.1.0] AndroidManifest.xml:26:9-31:39
259            android:name="com.google.firebase.provider.FirebaseInitProvider"
259-->[com.google.firebase:firebase-common:20.1.0] AndroidManifest.xml:27:13-77
260            android:authorities="com.wdretzer.nasaprojetointegrador.firebaseinitprovider"
260-->[com.google.firebase:firebase-common:20.1.0] AndroidManifest.xml:28:13-72
261            android:directBootAware="true"
261-->[com.google.firebase:firebase-common:20.1.0] AndroidManifest.xml:29:13-43
262            android:exported="false"
262-->[com.google.firebase:firebase-common:20.1.0] AndroidManifest.xml:30:13-37
263            android:initOrder="100" />
263-->[com.google.firebase:firebase-common:20.1.0] AndroidManifest.xml:31:13-36
264
265        <receiver
265-->[com.google.android.gms:play-services-measurement:20.1.2] AndroidManifest.xml:29:9-33:20
266            android:name="com.google.android.gms.measurement.AppMeasurementReceiver"
266-->[com.google.android.gms:play-services-measurement:20.1.2] AndroidManifest.xml:30:13-85
267            android:enabled="true"
267-->[com.google.android.gms:play-services-measurement:20.1.2] AndroidManifest.xml:31:13-35
268            android:exported="false" >
268-->[com.google.android.gms:play-services-measurement:20.1.2] AndroidManifest.xml:32:13-37
269        </receiver>
270
271        <service
271-->[com.google.android.gms:play-services-measurement:20.1.2] AndroidManifest.xml:35:9-38:40
272            android:name="com.google.android.gms.measurement.AppMeasurementService"
272-->[com.google.android.gms:play-services-measurement:20.1.2] AndroidManifest.xml:36:13-84
273            android:enabled="true"
273-->[com.google.android.gms:play-services-measurement:20.1.2] AndroidManifest.xml:37:13-35
274            android:exported="false" />
274-->[com.google.android.gms:play-services-measurement:20.1.2] AndroidManifest.xml:38:13-37
275        <service
275-->[com.google.android.gms:play-services-measurement:20.1.2] AndroidManifest.xml:39:9-43:72
276            android:name="com.google.android.gms.measurement.AppMeasurementJobService"
276-->[com.google.android.gms:play-services-measurement:20.1.2] AndroidManifest.xml:40:13-87
277            android:enabled="true"
277-->[com.google.android.gms:play-services-measurement:20.1.2] AndroidManifest.xml:41:13-35
278            android:exported="false"
278-->[com.google.android.gms:play-services-measurement:20.1.2] AndroidManifest.xml:42:13-37
279            android:permission="android.permission.BIND_JOB_SERVICE" />
279-->[com.google.android.gms:play-services-measurement:20.1.2] AndroidManifest.xml:43:13-69
280
281        <activity
281-->[com.google.android.gms:play-services-base:18.0.1] AndroidManifest.xml:20:9-22:45
282            android:name="com.google.android.gms.common.api.GoogleApiActivity"
282-->[com.google.android.gms:play-services-base:18.0.1] AndroidManifest.xml:20:19-85